2012-07-01T21:13:24 Checking update-file '/usr/share/apps/kconf_update/audiocd.upd' for new updates
2012-07-01T21:13:24 audiocd.upd: Found new update '1'
2012-07-01T21:13:24 audiocd.upd: Running script 'upgrade-metadata.sh'
2012-07-01T21:13:24 Checking update-file '/usr/share/apps/kconf_update/kaudiocreator-meta.upd' for new updates
2012-07-01T21:13:24 kaudiocreator-meta.upd: Found new update '3'
2012-07-01T21:13:24 kaudiocreator-meta.upd: Running script 'upgrade-kaudiocreator-metadata.sh'
2012-07-01T21:13:24 Checking update-file '/usr/share/apps/kconf_update/kcalcrc.upd' for new updates
2012-07-01T21:13:24 kcalcrc.upd: Found new update 'KDE_3_2_0'
2012-07-01T21:13:24 Checking update-file '/usr/share/apps/kconf_update/kcharselect.upd' for new updates
2012-07-01T21:13:24 kcharselect.upd: Found new update '1'
2012-07-01T21:13:24 Checking update-file '/usr/share/apps/kconf_update/kghostview.upd' for new updates
2012-07-01T21:13:24 kghostview.upd: Found new update '1changeToKConfigXT'
2012-07-01T21:13:24 kghostview.upd: Found new update '2changeToKConfigXT'
2012-07-01T21:13:24 kghostview.upd: Running script 'update-to-xt-names.pl'
2012-07-01T21:13:24 Checking update-file '/usr/share/apps/kconf_update/favicons.upd' for new updates
2012-07-01T21:13:24 favicons.upd: Found new update 'kde3_2'
2012-07-01T21:13:24 favicons.upd: Running script 'move_favicons.sh'
2012-07-01T21:13:25 Checking update-file '/usr/share/apps/kconf_update/kaccel.upd' for new updates
2012-07-01T21:13:25 kaccel.upd: Found new update 'kde3.3/r1'
2012-07-01T21:13:25 kaccel.upd: Skipping update 'kde3.3/r1'
2012-07-01T21:13:25 Checking update-file '/usr/share/apps/kconf_update/kate-2.4.upd' for new updates
2012-07-01T21:13:25 kate-2.4.upd: Found new update 'kate2.4'
2012-07-01T21:13:25 Checking update-file '/usr/share/apps/kconf_update/kcmdisplayrc.upd' for new updates
2012-07-01T21:13:25 kcmdisplayrc.upd: Found new update 'kde3'
2012-07-01T21:13:25 Checking update-file '/usr/share/apps/kconf_update/kcookiescfg.upd' for new updates
2012-07-01T21:13:25 kcookiescfg.upd: Found new update 'kde2.2/b1'
2012-07-01T21:13:25 kcookiescfg.upd: Found new update 'kde3.1/cvs'
2012-07-01T21:13:25 Checking update-file '/usr/share/apps/kconf_update/kded.upd' for new updates
2012-07-01T21:13:25 kded.upd: Found new update 'kde3.0'
2012-07-01T21:13:25 kded.upd: Skipping update 'kde3.0'
2012-07-01T21:13:25 Checking update-file '/usr/share/apps/kconf_update/kdeprintrc.upd' for new updates
2012-07-01T21:13:25 kdeprintrc.upd: Found new update 'kde-3.1-toolbar'
2012-07-01T21:13:25 kdeprintrc.upd: Skipping kdeprintrc:General:ViewMenuBar, already exists.
2012-07-01T21:13:25 kdeprintrc.upd: RemoveKey removes kdeprintrc:General:ViewToolBar
2012-07-01T21:13:25 Checking update-file '/usr/share/apps/kconf_update/kfmclient_3_2.upd' for new updates
2012-07-01T21:13:25 kfmclient_3_2.upd: Found new update 'kfmclient_3_2'
2012-07-01T21:13:25 kfmclient_3_2.upd: Skipping update 'kfmclient_3_2'
2012-07-01T21:13:25 Checking update-file '/usr/share/apps/kconf_update/khotkeys_32b1_update.upd' for new updates
2012-07-01T21:13:25 khotkeys_32b1_update.upd: Found new update 'kde32b1'
2012-07-01T21:13:25 khotkeys_32b1_update.upd: Running script 'khotkeys_update' with arguments '--id kde32b1'
2012-07-01T21:13:25 Checking update-file '/usr/share/apps/kconf_update/khotkeys_printscreen.upd' for new updates
2012-07-01T21:13:25 khotkeys_printscreen.upd: Found new update 'printscreen'
2012-07-01T21:13:25 khotkeys_printscreen.upd: Running script 'khotkeys_update' with arguments '--id printscreen'
2012-07-01T21:13:26 Checking update-file '/usr/share/apps/kconf_update/kickerrc.upd' for new updates
2012-07-01T21:13:26 kickerrc.upd: Found new update 'kde_3_1_sizeChanges'
2012-07-01T21:13:26 kickerrc.upd: Skipping update 'kde_3_1_sizeChanges'
2012-07-01T21:13:26 kickerrc.upd: Found new update 'kde_3_4_reverseLayout'
2012-07-01T21:13:26 kickerrc.upd: Skipping update 'kde_3_4_reverseLayout'
2012-07-01T21:13:26 kickerrc.upd: Found new update 'kde_3_5_taskbarEnums'
2012-07-01T21:13:26 kickerrc.upd: Skipping update 'kde_3_5_taskbarEnums'
2012-07-01T21:13:26 kickerrc.upd: Found new update 'kde_3_5_kconfigXTize'
2012-07-01T21:13:26 kickerrc.upd: Skipping update 'kde_3_5_kconfigXTize'
2012-07-01T21:13:26 Checking update-file '/usr/share/apps/kconf_update/kio_help.upd' for new updates
2012-07-01T21:13:26 kio_help.upd: Found new update 'kde3_2'
2012-07-01T21:13:26 kio_help.upd: Running script 'move_kio_help_cache.sh'
2012-07-01T21:13:26 [Script] mv: cannot stat `/home/guest/.kde3/share/apps/kio_help/cache': No such file or directory
2012-07-01T21:13:26 [Script] rmdir: failed to remove `/home/guest/.kde3/share/apps/kio_help': No such file or directory
2012-07-01T21:13:26 Checking update-file '/usr/share/apps/kconf_update/kioslave.upd' for new updates
2012-07-01T21:13:26 kioslave.upd: Found new update 'kde2.2/r1'
2012-07-01T21:13:26 kioslave.upd: Skipping update 'kde2.2/r1'
2012-07-01T21:13:26 kioslave.upd: Found new update 'kde2.2/r2'
2012-07-01T21:13:26 kioslave.upd: Running script 'useragent.pl'
2012-07-01T21:13:26 kioslave.upd: Script removes kioslaverc:UserAgent:EntriesCount
2012-07-01T21:13:26 kioslave.upd: Found new update 'kde2.2/r3'
2012-07-01T21:13:26 kioslave.upd: Running script 'proxytype.pl'
2012-07-01T21:13:26 kioslave.upd: Script removes kioslaverc:Proxy Settings:UseProxy
2012-07-01T21:13:26 Checking update-file '/usr/share/apps/kconf_update/klipperrc.upd' for new updates
2012-07-01T21:13:26 klipperrc.upd: Found new update '25082001'
2012-07-01T21:13:26 klipperrc.upd: Skipping update '25082001'
2012-07-01T21:13:26 klipperrc.upd: Found new update 'kde3.1'
2012-07-01T21:13:26 klipperrc.upd: Skipping update 'kde3.1'
2012-07-01T21:13:26 Checking update-file '/usr/share/apps/kconf_update/klippershortcuts.upd' for new updates
2012-07-01T21:13:26 klippershortcuts.upd: Found new update '04112002'
2012-07-01T21:13:26 klippershortcuts.upd: Skipping update '04112002'
2012-07-01T21:13:26 Checking update-file '/usr/share/apps/kconf_update/knewsticker.upd' for new updates
2012-07-01T21:13:26 knewsticker.upd: Found new update 'KNewsTicker-0.2'
2012-07-01T21:13:26 knewsticker.upd: Running script 'knt-0.1-0.2.pl'
2012-07-01T21:13:27 knewsticker.upd: Found new update 'KNewsTicker-0.2-Rename-KDE3'
2012-07-01T21:13:27 knewsticker.upd: Found new update 'KNewsTicker-0.2-Rename-KDE3.1'
2012-07-01T21:13:27 Checking update-file '/usr/share/apps/kconf_update/konqsidebartng.upd' for new updates
2012-07-01T21:13:27 konqsidebartng.upd: Found new update 'konqsidebartng_rc'
2012-07-01T21:13:27 konqsidebartng.upd: Found new update 'konqsidebartng_entries'
2012-07-01T21:13:27 konqsidebartng.upd: Running script 'move_konqsidebartng_entries.sh'
2012-07-01T21:13:27 Checking update-file '/usr/share/apps/kconf_update/konqueror_gestures_kde321_update.upd' for new updates
2012-07-01T21:13:27 konqueror_gestures_kde321_update.upd: Found new update 'kde321'
2012-07-01T21:13:27 konqueror_gestures_kde321_update.upd: Running script 'khotkeys_update' with arguments '--id konqueror_gestures_kde321'
2012-07-01T21:13:27 Checking update-file '/usr/share/apps/kconf_update/konsole.upd' for new updates
2012-07-01T21:13:27 konsole.upd: Found new update 'kde2.2/r1'
2012-07-01T21:13:27 konsole.upd: Skipping update 'kde2.2/r1'
2012-07-01T21:13:27 konsole.upd: Found new update 'kde3.0/r1'
2012-07-01T21:13:27 konsole.upd: Skipping update 'kde3.0/r1'
2012-07-01T21:13:27 Checking update-file '/usr/share/apps/kconf_update/kopete-account-kconf_update.upd' for new updates
2012-07-01T21:13:27 kopete-account-kconf_update.upd: Found new update 'kopete0.7/r1'
2012-07-01T21:13:27 kopete-account-kconf_update.upd: Running script 'kopete-account-kconf_update.sh'
2012-07-01T21:13:27 kopete-account-kconf_update.upd: Found new update 'kopete0.10/r1'
2012-07-01T21:13:27 kopete-account-kconf_update.upd: Running script 'kopete-account-0.10.pl'
2012-07-01T21:13:28 Checking update-file '/usr/share/apps/kconf_update/kopete-jabberpriorityaddition-kconf_update.upd' for new updates
2012-07-01T21:13:28 kopete-jabberpriorityaddition-kconf_update.upd: Found new update 'kopete0.9/r1'
2012-07-01T21:13:28 kopete-jabberpriorityaddition-kconf_update.upd: Running script 'kopete-jabberpriorityaddition-kconf_update.sh'
2012-07-01T21:13:28 Checking update-file '/usr/share/apps/kconf_update/kopete-jabberproxytype-kconf_update.upd' for new updates
2012-07-01T21:13:28 kopete-jabberproxytype-kconf_update.upd: Found new update 'kopete0.9/r1'
2012-07-01T21:13:28 kopete-jabberproxytype-kconf_update.upd: Running script 'kopete-jabberproxytype-kconf_update.sh'
2012-07-01T21:13:28 Checking update-file '/usr/share/apps/kconf_update/kopete-nameTracking.upd' for new updates
2012-07-01T21:13:28 kopete-nameTracking.upd: Found new update 'kopete0.9/r1'
2012-07-01T21:13:28 kopete-nameTracking.upd: Running script 'kopete-nameTracking-kconf_update'
2012-07-01T21:13:28 Checking update-file '/usr/share/apps/kconf_update/kopete-pluginloader.upd' for new updates
2012-07-01T21:13:28 kopete-pluginloader.upd: Found new update 'kopete0.7/r1'
2012-07-01T21:13:28 kopete-pluginloader.upd: Running script 'kopete-pluginloader.pl'
2012-07-01T21:13:28 kopete-pluginloader.upd: Script removes kopeterc::Modules
2012-07-01T21:13:28 kopete-pluginloader.upd: Removing empty group kopeterc:
2012-07-01T21:13:28 Checking update-file '/usr/share/apps/kconf_update/kopete-pluginloader2.upd' for new updates
2012-07-01T21:13:28 kopete-pluginloader2.upd: Found new update 'kopete0.8/r1'
2012-07-01T21:13:28 kopete-pluginloader2.upd: Running script 'kopete-pluginloader2.sh'
2012-07-01T21:13:28 Checking update-file '/usr/share/apps/kconf_update/ksmserver.upd' for new updates
2012-07-01T21:13:28 ksmserver.upd: Found new update 'kde3'
2012-07-01T21:13:28 ksmserver.upd: Skipping update 'kde3'
2012-07-01T21:13:28 Checking update-file '/usr/share/apps/kconf_update/kuriikwsfilter.upd' for new updates
2012-07-01T21:13:28 kuriikwsfilter.upd: Found new update 'post-kde3.1/cvs'
2012-07-01T21:13:28 Checking update-file '/usr/share/apps/kconf_update/kwin.upd' for new updates
2012-07-01T21:13:28 kwin.upd: Found new update 'kde3.0r1'
2012-07-01T21:13:28 kwin.upd: Skipping update 'kde3.0r1'
2012-07-01T21:13:28 kwin.upd: Found new update 'kde3.2Xinerama'
2012-07-01T21:13:28 kwin.upd: Skipping update 'kde3.2Xinerama'
2012-07-01T21:13:28 Checking update-file '/usr/share/apps/kconf_update/kwin3_plugin.upd' for new updates
2012-07-01T21:13:28 kwin3_plugin.upd: Found new update 'kde3.2'
2012-07-01T21:13:28 kwin3_plugin.upd: Skipping update 'kde3.2'
2012-07-01T21:13:28 Checking update-file '/usr/share/apps/kconf_update/kwin_focus1.upd' for new updates
2012-07-01T21:13:28 kwin_focus1.upd: Found new update 'kwin_focus1'
2012-07-01T21:13:28 kwin_focus1.upd: Skipping update 'kwin_focus1'
2012-07-01T21:13:28 Checking update-file '/usr/share/apps/kconf_update/kwin_focus2.upd' for new updates
2012-07-01T21:13:28 kwin_focus2.upd: Found new update 'kwin_focus2'
2012-07-01T21:13:28 kwin_focus2.upd: Skipping update 'kwin_focus2'
2012-07-01T21:13:28 Checking update-file '/usr/share/apps/kconf_update/kwin_fsp_workarounds_1.upd' for new updates
2012-07-01T21:13:28 kwin_fsp_workarounds_1.upd: Found new update 'kde351'
2012-07-01T21:13:28 kwin_fsp_workarounds_1.upd: Running script 'kwin_update_default_rules' with arguments 'fsp_workarounds_1.kwinrules'
2012-07-01T21:13:28 Checking update-file '/usr/share/apps/kconf_update/kwiniconify.upd' for new updates
2012-07-01T21:13:28 kwiniconify.upd: Found new update 'iconifyupd3.1'
2012-07-01T21:13:28 Checking update-file '/usr/share/apps/kconf_update/kwinsticky.upd' for new updates
2012-07-01T21:13:28 kwinsticky.upd: Found new update 'stickyupd3.1'
2012-07-01T21:13:28 Checking update-file '/usr/share/apps/kconf_update/kwinupdatewindowsettings.upd' for new updates
2012-07-01T21:13:28 kwinupdatewindowsettings.upd: Found new update 'kde33b1'
2012-07-01T21:13:28 kwinupdatewindowsettings.upd: Running script 'kwin_update_window_settings'
2012-07-01T21:13:29 Checking update-file '/usr/share/apps/kconf_update/mouse_cursor_theme.upd' for new updates
2012-07-01T21:13:29 mouse_cursor_theme.upd: Found new update 'kde3.4.99'
2012-07-01T21:13:29 mouse_cursor_theme.upd: Skipping update 'kde3.4.99'
2012-07-01T21:13:29 Checking update-file '/usr/share/apps/kconf_update/socks.upd' for new updates
2012-07-01T21:13:29 socks.upd: Found new update 'kde3.0/r1'
2012-07-01T21:13:29 socks.upd: Skipping update 'kde3.0/r1'
